INFO|SuperKoikoukesse.Webservice.Log|2013-01-25 17:55:36,397|Starting website SuperKoikoukesse.Webservice...
INFO|SuperKoikoukesse.Webservice.Log|2013-02-25 15:47:59,025|Starting website SuperKoikoukesse.Webservice...
INFO|SuperKoikoukesse.Webservice.Log|2013-02-25 15:51:56,622|Starting website SuperKoikoukesse.Webservice...
INFO|SuperKoikoukesse.Webservice.Log|2013-02-25 15:56:28,399|Starting website SuperKoikoukesse.Webservice...
INFO|SuperKoikoukesse.Webservice.Log|2013-02-25 15:57:33,675|Starting website SuperKoikoukesse.Webservice...
INFO|SuperKoikoukesse.Webservice.Log|2013-02-25 16:06:08,460|Starting website SuperKoikoukesse.Webservice...
INFO|SuperKoikoukesse.Webservice.Log|2013-02-25 16:06:50,736|Starting website SuperKoikoukesse.Webservice...
INFO|SuperKoikoukesse.Webservice.Log|2013-02-25 16:07:31,102|Starting website SuperKoikoukesse.Webservice...
INFO|SuperKoikoukesse.Webservice.Log|2013-02-25 16:08:09,069|Starting website SuperKoikoukesse.Webservice...
INFO|SuperKoikoukesse.Webservice.Log|2013-02-25 16:48:46,791|Starting website SuperKoikoukesse.Webservice...
INFO|SuperKoikoukesse.Webservice.Log|2013-02-25 16:49:24,214|Starting website SuperKoikoukesse.Webservice...
INFO|SuperKoikoukesse.Webservice.Log|2013-02-25 16:49:29,418|Creating database gamedb.xml
INFO|SuperKoikoukesse.Webservice.Log|2013-02-25 16:50:24,509|Starting website SuperKoikoukesse.Webservice...
INFO|SuperKoikoukesse.Webservice.Log|2013-02-25 16:50:41,094|Starting website SuperKoikoukesse.Webservice...
INFO|SuperKoikoukesse.Webservice.Log|2013-02-25 16:50:46,332|Creating database gamedb.xml
INFO|SuperKoikoukesse.Webservice.Log|2013-02-25 16:50:54,541|Creating database gamedb.xml
INFO|SuperKoikoukesse.Webservice.Log|2013-02-25 16:51:01,093|Creating database gamedb.xml
INFO|SuperKoikoukesse.Webservice.Log|2013-02-25 16:51:01,094|Creating database gamedb.xml
INFO|SuperKoikoukesse.Webservice.Log|2013-02-25 16:51:30,807|Starting website SuperKoikoukesse.Webservice...
INFO|SuperKoikoukesse.Webservice.Log|2013-02-25 16:52:29,938|Starting website SuperKoikoukesse.Webservice...
INFO|SuperKoikoukesse.Webservice.Log|2013-02-25 16:52:31,932|Creating database G:\Dev\GitHub\super-koikoukesse\ws\SuperKoikoukesse.Webservice\gamedb.xml
INFO|SuperKoikoukesse.Webservice.Log|2013-02-25 16:52:49,540|Loading database G:\Dev\GitHub\super-koikoukesse\ws\SuperKoikoukesse.Webservice\gamedb.xml
INFO|SuperKoikoukesse.Webservice.Log|2013-02-25 17:04:56,419|Starting website SuperKoikoukesse.Webservice...
INFO|SuperKoikoukesse.Webservice.Log|2013-02-25 17:05:01,718|Loading database G:\Dev\GitHub\super-koikoukesse\ws\SuperKoikoukesse.Webservice\gamedb.xml
INFO|SuperKoikoukesse.Webservice.Log|2013-02-25 17:05:12,126|Creating database G:\Dev\GitHub\super-koikoukesse\ws\SuperKoikoukesse.Webservice\gamedb.xml
INFO|SuperKoikoukesse.Webservice.Log|2013-02-25 17:05:40,161|Starting website SuperKoikoukesse.Webservice...
INFO|SuperKoikoukesse.Webservice.Log|2013-02-25 17:05:49,186|Creating database G:\Dev\GitHub\super-koikoukesse\ws\SuperKoikoukesse.Webservice\gamedb.xml
INFO|SuperKoikoukesse.Webservice.Log|2013-02-25 17:07:17,540|Starting website SuperKoikoukesse.Webservice...
INFO|SuperKoikoukesse.Webservice.Log|2013-02-25 17:07:44,546|Creating database G:\Dev\GitHub\super-koikoukesse\ws\SuperKoikoukesse.Webservice\gamedb.xml
INFO|SuperKoikoukesse.Webservice.Log|2013-02-25 17:08:35,993|Starting website SuperKoikoukesse.Webservice...
INFO|SuperKoikoukesse.Webservice.Log|2013-02-25 17:08:38,769|Creating database G:\Dev\GitHub\super-koikoukesse\ws\SuperKoikoukesse.Webservice\gamedb.xml
INFO|SuperKoikoukesse.Webservice.Log|2013-02-25 17:09:35,066|Starting website SuperKoikoukesse.Webservice...
INFO|SuperKoikoukesse.Webservice.Log|2013-02-25 17:09:35,131|Loading database G:\Dev\GitHub\super-koikoukesse\ws\SuperKoikoukesse.Webservice\gamedb.xml
INFO|SuperKoikoukesse.Webservice.Log|2013-02-25 17:09:35,136|Loading database G:\Dev\GitHub\super-koikoukesse\ws\SuperKoikoukesse.Webservice\gamedb.xml
INFO|SuperKoikoukesse.Webservice.Log|2013-02-25 17:09:35,139|Loading database G:\Dev\GitHub\super-koikoukesse\ws\SuperKoikoukesse.Webservice\gamedb.xml
INFO|SuperKoikoukesse.Webservice.Log|2013-02-25 17:09:51,220|Loading database G:\Dev\GitHub\super-koikoukesse\ws\SuperKoikoukesse.Webservice\gamedb.xml
INFO|SuperKoikoukesse.Webservice.Log|2013-02-25 17:09:53,932|Loading database G:\Dev\GitHub\super-koikoukesse\ws\SuperKoikoukesse.Webservice\gamedb.xml
INFO|SuperKoikoukesse.Webservice.Log|2013-02-25 17:10:04,192|Loading database G:\Dev\GitHub\super-koikoukesse\ws\SuperKoikoukesse.Webservice\gamedb.xml
INFO|SuperKoikoukesse.Webservice.Log|2013-02-25 17:10:58,098|Starting website SuperKoikoukesse.Webservice...
INFO|SuperKoikoukesse.Webservice.Log|2013-02-25 17:10:58,163|Loading database G:\Dev\GitHub\super-koikoukesse\ws\SuperKoikoukesse.Webservice\gamedb.xml
INFO|SuperKoikoukesse.Webservice.Log|2013-02-25 17:10:58,168|Loading database G:\Dev\GitHub\super-koikoukesse\ws\SuperKoikoukesse.Webservice\gamedb.xml
INFO|SuperKoikoukesse.Webservice.Log|2013-02-25 17:10:58,171|Loading database G:\Dev\GitHub\super-koikoukesse\ws\SuperKoikoukesse.Webservice\gamedb.xml
INFO|SuperKoikoukesse.Webservice.Log|2013-02-25 17:11:13,270|Loading database G:\Dev\GitHub\super-koikoukesse\ws\SuperKoikoukesse.Webservice\gamedb.xml
INFO|SuperKoikoukesse.Webservice.Log|2013-02-25 17:11:13,281|Loading database G:\Dev\GitHub\super-koikoukesse\ws\SuperKoikoukesse.Webservice\gamedb.xml
INFO|SuperKoikoukesse.Webservice.Log|2013-02-25 17:11:20,272|Loading database G:\Dev\GitHub\super-koikoukesse\ws\SuperKoikoukesse.Webservice\gamedb.xml
INFO|SuperKoikoukesse.Webservice.Log|2013-02-25 17:12:01,090|Loading database G:\Dev\GitHub\super-koikoukesse\ws\SuperKoikoukesse.Webservice\gamedb.xml
INFO|SuperKoikoukesse.Webservice.Log|2013-02-25 17:12:01,094|Loading database G:\Dev\GitHub\super-koikoukesse\ws\SuperKoikoukesse.Webservice\gamedb.xml
INFO|SuperKoikoukesse.Webservice.Log|2013-02-25 17:15:00,150|Starting website SuperKoikoukesse.Webservice...
INFO|SuperKoikoukesse.Webservice.Log|2013-02-25 17:15:00,214|Loading database G:\Dev\GitHub\super-koikoukesse\ws\SuperKoikoukesse.Webservice\gamedb.xml
INFO|SuperKoikoukesse.Webservice.Log|2013-02-25 17:15:31,198|Starting website SuperKoikoukesse.Webservice...
INFO|SuperKoikoukesse.Webservice.Log|2013-02-25 17:15:40,327|Loading database G:\Dev\GitHub\super-koikoukesse\ws\SuperKoikoukesse.Webservice\gamedb.xml
INFO|SuperKoikoukesse.Webservice.Log|2013-02-25 17:15:57,976|Starting website SuperKoikoukesse.Webservice...
INFO|SuperKoikoukesse.Webservice.Log|2013-02-25 17:15:58,040|Loading database G:\Dev\GitHub\super-koikoukesse\ws\SuperKoikoukesse.Webservice\gamedb.xml
INFO|SuperKoikoukesse.Webservice.Log|2013-02-25 17:25:54,548|Starting website SuperKoikoukesse.Webservice...
INFO|SuperKoikoukesse.Webservice.Log|2013-02-25 17:26:00,698|Creating database G:\Dev\GitHub\super-koikoukesse\ws\SuperKoikoukesse.Webservice\gamedb.xml
INFO|SuperKoikoukesse.Webservice.Log|2013-02-25 17:26:22,918|Loading database G:\Dev\GitHub\super-koikoukesse\ws\SuperKoikoukesse.Webservice\gamedb.xml
INFO|SuperKoikoukesse.Webservice.Log|2013-02-25 17:26:53,361|Starting website SuperKoikoukesse.Webservice...
INFO|SuperKoikoukesse.Webservice.Log|2013-02-25 17:26:53,412|Loading database G:\Dev\GitHub\super-koikoukesse\ws\SuperKoikoukesse.Webservice\gamedb.xml
INFO|SuperKoikoukesse.Webservice.Log|2013-02-25 17:27:09,392|Loading database G:\Dev\GitHub\super-koikoukesse\ws\SuperKoikoukesse.Webservice\gamedb.xml
INFO|SuperKoikoukesse.Webservice.Log|2013-02-25 17:27:54,303|Loading database G:\Dev\GitHub\super-koikoukesse\ws\SuperKoikoukesse.Webservice\gamedb.xml
INFO|SuperKoikoukesse.Webservice.Log|2013-02-25 17:32:01,794|Starting website SuperKoikoukesse.Webservice...
INFO|SuperKoikoukesse.Webservice.Log|2013-02-25 17:32:01,849|Loading database G:\Dev\GitHub\super-koikoukesse\ws\SuperKoikoukesse.Webservice\gamedb.xml
INFO|SuperKoikoukesse.Webservice.Log|2013-02-25 17:32:23,338|Loading database G:\Dev\GitHub\super-koikoukesse\ws\SuperKoikoukesse.Webservice\gamedb.xml
INFO|SuperKoikoukesse.Webservice.Log|2013-02-25 17:33:44,660|Starting website SuperKoikoukesse.Webservice...
INFO|SuperKoikoukesse.Webservice.Log|2013-02-25 17:33:44,712|Loading database G:\Dev\GitHub\super-koikoukesse\ws\SuperKoikoukesse.Webservice\gamedb.xml
INFO|SuperKoikoukesse.Webservice.Log|2013-02-25 17:33:46,581|Loading database G:\Dev\GitHub\super-koikoukesse\ws\SuperKoikoukesse.Webservice\gamedb.xml
INFO|SuperKoikoukesse.Webservice.Log|2013-02-25 17:33:48,045|Loading database G:\Dev\GitHub\super-koikoukesse\ws\SuperKoikoukesse.Webservice\gamedb.xml
INFO|SuperKoikoukesse.Webservice.Log|2013-02-25 17:33:48,621|Loading database G:\Dev\GitHub\super-koikoukesse\ws\SuperKoikoukesse.Webservice\gamedb.xml
INFO|SuperKoikoukesse.Webservice.Log|2013-02-25 17:33:49,101|Loading database G:\Dev\GitHub\super-koikoukesse\ws\SuperKoikoukesse.Webservice\gamedb.xml
INFO|SuperKoikoukesse.Webservice.Log|2013-02-25 17:33:51,014|Loading database G:\Dev\GitHub\super-koikoukesse\ws\SuperKoikoukesse.Webservice\gamedb.xml
INFO|SuperKoikoukesse.Webservice.Log|2013-02-25 17:33:51,703|Loading database G:\Dev\GitHub\super-koikoukesse\ws\SuperKoikoukesse.Webservice\gamedb.xml
INFO|SuperKoikoukesse.Webservice.Log|2013-02-25 17:33:52,357|Loading database G:\Dev\GitHub\super-koikoukesse\ws\SuperKoikoukesse.Webservice\gamedb.xml
INFO|SuperKoikoukesse.Webservice.Log|2013-02-25 17:33:52,974|Loading database G:\Dev\GitHub\super-koikoukesse\ws\SuperKoikoukesse.Webservice\gamedb.xml
INFO|SuperKoikoukesse.Webservice.Log|2013-02-25 17:33:53,678|Loading database G:\Dev\GitHub\super-koikoukesse\ws\SuperKoikoukesse.Webservice\gamedb.xml
INFO|SuperKoikoukesse.Webservice.Log|2013-02-25 17:34:04,262|Loading database G:\Dev\GitHub\super-koikoukesse\ws\SuperKoikoukesse.Webservice\gamedb.xml
INFO|SuperKoikoukesse.Webservice.Log|2013-02-25 17:34:13,890|Starting website SuperKoikoukesse.Webservice...
INFO|SuperKoikoukesse.Webservice.Log|2013-02-25 17:34:13,940|Loading database G:\Dev\GitHub\super-koikoukesse\ws\SuperKoikoukesse.Webservice\gamedb.xml
INFO|SuperKoikoukesse.Webservice.Log|2013-02-25 17:34:16,869|Loading database G:\Dev\GitHub\super-koikoukesse\ws\SuperKoikoukesse.Webservice\gamedb.xml
INFO|SuperKoikoukesse.Webservice.Log|2013-02-25 17:34:18,645|Loading database G:\Dev\GitHub\super-koikoukesse\ws\SuperKoikoukesse.Webservice\gamedb.xml
INFO|SuperKoikoukesse.Webservice.Log|2013-02-25 17:34:19,092|Loading database G:\Dev\GitHub\super-koikoukesse\ws\SuperKoikoukesse.Webservice\gamedb.xml
INFO|SuperKoikoukesse.Webservice.Log|2013-02-25 17:34:20,404|Loading database G:\Dev\GitHub\super-koikoukesse\ws\SuperKoikoukesse.Webservice\gamedb.xml
INFO|SuperKoikoukesse.Webservice.Log|2013-02-25 17:35:18,298|Starting website SuperKoikoukesse.Webservice...
INFO|SuperKoikoukesse.Webservice.Log|2013-02-25 17:35:18,399|Loading database G:\Dev\GitHub\super-koikoukesse\ws\SuperKoikoukesse.Webservice\gamedb.xml
INFO|SuperKoikoukesse.Webservice.Log|2013-02-25 17:35:22,497|Loading database G:\Dev\GitHub\super-koikoukesse\ws\SuperKoikoukesse.Webservice\gamedb.xml
INFO|SuperKoikoukesse.Webservice.Log|2013-02-25 17:35:24,449|Loading database G:\Dev\GitHub\super-koikoukesse\ws\SuperKoikoukesse.Webservice\gamedb.xml
INFO|SuperKoikoukesse.Webservice.Log|2013-02-25 17:35:24,930|Loading database G:\Dev\GitHub\super-koikoukesse\ws\SuperKoikoukesse.Webservice\gamedb.xml
INFO|SuperKoikoukesse.Webservice.Log|2013-02-25 17:35:25,353|Loading database G:\Dev\GitHub\super-koikoukesse\ws\SuperKoikoukesse.Webservice\gamedb.xml
INFO|SuperKoikoukesse.Webservice.Log|2013-02-25 17:37:09,541|Starting website SuperKoikoukesse.Webservice...
INFO|SuperKoikoukesse.Webservice.Log|2013-02-25 17:37:09,597|Loading database G:\Dev\GitHub\super-koikoukesse\ws\SuperKoikoukesse.Webservice\gamedb.xml
INFO|SuperKoikoukesse.Webservice.Log|2013-02-25 17:37:13,548|Loading database G:\Dev\GitHub\super-koikoukesse\ws\SuperKoikoukesse.Webservice\gamedb.xml
INFO|SuperKoikoukesse.Webservice.Log|2013-02-25 17:37:14,716|Loading database G:\Dev\GitHub\super-koikoukesse\ws\SuperKoikoukesse.Webservice\gamedb.xml
INFO|SuperKoikoukesse.Webservice.Log|2013-02-25 17:37:15,372|Loading database G:\Dev\GitHub\super-koikoukesse\ws\SuperKoikoukesse.Webservice\gamedb.xml
INFO|SuperKoikoukesse.Webservice.Log|2013-02-25 17:37:35,500|Loading database G:\Dev\GitHub\super-koikoukesse\ws\SuperKoikoukesse.Webservice\gamedb.xml
INFO|SuperKoikoukesse.Webservice.Log|2013-02-25 17:37:37,931|Loading database G:\Dev\GitHub\super-koikoukesse\ws\SuperKoikoukesse.Webservice\gamedb.xml
INFO|SuperKoikoukesse.Webservice.Log|2013-02-25 17:37:38,403|Loading database G:\Dev\GitHub\super-koikoukesse\ws\SuperKoikoukesse.Webservice\gamedb.xml
INFO|SuperKoikoukesse.Webservice.Log|2013-02-25 17:37:38,584|Loading database G:\Dev\GitHub\super-koikoukesse\ws\SuperKoikoukesse.Webservice\gamedb.xml
INFO|SuperKoikoukesse.Webservice.Log|2013-02-25 17:37:38,767|Loading database G:\Dev\GitHub\super-koikoukesse\ws\SuperKoikoukesse.Webservice\gamedb.xml
INFO|SuperKoikoukesse.Webservice.Log|2013-02-25 17:37:38,961|Loading database G:\Dev\GitHub\super-koikoukesse\ws\SuperKoikoukesse.Webservice\gamedb.xml
INFO|SuperKoikoukesse.Webservice.Log|2013-02-25 17:37:39,227|Loading database G:\Dev\GitHub\super-koikoukesse\ws\SuperKoikoukesse.Webservice\gamedb.xml
INFO|SuperKoikoukesse.Webservice.Log|2013-02-25 17:37:39,431|Loading database G:\Dev\GitHub\super-koikoukesse\ws\SuperKoikoukesse.Webservice\gamedb.xml
INFO|SuperKoikoukesse.Webservice.Log|2013-02-25 17:37:39,590|Loading database G:\Dev\GitHub\super-koikoukesse\ws\SuperKoikoukesse.Webservice\gamedb.xml
INFO|SuperKoikoukesse.Webservice.Log|2013-02-25 17:37:39,749|Loading database G:\Dev\GitHub\super-koikoukesse\ws\SuperKoikoukesse.Webservice\gamedb.xml
INFO|SuperKoikoukesse.Webservice.Log|2013-02-25 17:37:39,951|Loading database G:\Dev\GitHub\super-koikoukesse\ws\SuperKoikoukesse.Webservice\gamedb.xml
INFO|SuperKoikoukesse.Webservice.Log|2013-02-25 17:37:40,186|Loading database G:\Dev\GitHub\super-koikoukesse\ws\SuperKoikoukesse.Webservice\gamedb.xml
INFO|SuperKoikoukesse.Webservice.Log|2013-02-25 17:37:40,386|Loading database G:\Dev\GitHub\super-koikoukesse\ws\SuperKoikoukesse.Webservice\gamedb.xml
INFO|SuperKoikoukesse.Webservice.Log|2013-02-25 17:37:41,211|Loading database G:\Dev\GitHub\super-koikoukesse\ws\SuperKoikoukesse.Webservice\gamedb.xml
INFO|SuperKoikoukesse.Webservice.Log|2013-02-25 17:37:41,699|Loading database G:\Dev\GitHub\super-koikoukesse\ws\SuperKoikoukesse.Webservice\gamedb.xml
INFO|SuperKoikoukesse.Webservice.Log|2013-02-25 17:37:42,211|Loading database G:\Dev\GitHub\super-koikoukesse\ws\SuperKoikoukesse.Webservice\gamedb.xml
INFO|SuperKoikoukesse.Webservice.Log|2013-02-25 17:37:43,211|Loading database G:\Dev\GitHub\super-koikoukesse\ws\SuperKoikoukesse.Webservice\gamedb.xml
INFO|SuperKoikoukesse.Webservice.Log|2013-02-25 17:37:43,892|Loading database G:\Dev\GitHub\super-koikoukesse\ws\SuperKoikoukesse.Webservice\gamedb.xml
INFO|SuperKoikoukesse.Webservice.Log|2013-02-25 17:37:47,818|Loading database G:\Dev\GitHub\super-koikoukesse\ws\SuperKoikoukesse.Webservice\gamedb.xml
INFO|SuperKoikoukesse.Webservice.Log|2013-02-25 17:37:48,387|Loading database G:\Dev\GitHub\super-koikoukesse\ws\SuperKoikoukesse.Webservice\gamedb.xml
INFO|SuperKoikoukesse.Webservice.Log|2013-02-25 17:37:48,980|Loading database G:\Dev\GitHub\super-koikoukesse\ws\SuperKoikoukesse.Webservice\gamedb.xml
INFO|SuperKoikoukesse.Webservice.Log|2013-02-25 17:37:49,451|Loading database G:\Dev\GitHub\super-koikoukesse\ws\SuperKoikoukesse.Webservice\gamedb.xml
INFO|SuperKoikoukesse.Webservice.Log|2013-02-25 17:37:50,347|Loading database G:\Dev\GitHub\super-koikoukesse\ws\SuperKoikoukesse.Webservice\gamedb.xml
INFO|SuperKoikoukesse.Webservice.Log|2013-02-25 17:38:25,304|Starting website SuperKoikoukesse.Webservice...
INFO|SuperKoikoukesse.Webservice.Log|2013-02-25 17:38:25,353|Loading database G:\Dev\GitHub\super-koikoukesse\ws\SuperKoikoukesse.Webservice\gamedb.xml
INFO|SuperKoikoukesse.Webservice.Log|2013-02-25 17:38:26,561|Loading database G:\Dev\GitHub\super-koikoukesse\ws\SuperKoikoukesse.Webservice\gamedb.xml
INFO|SuperKoikoukesse.Webservice.Log|2013-02-25 17:38:27,473|Loading database G:\Dev\GitHub\super-koikoukesse\ws\SuperKoikoukesse.Webservice\gamedb.xml
INFO|SuperKoikoukesse.Webservice.Log|2013-02-25 17:38:28,209|Loading database G:\Dev\GitHub\super-koikoukesse\ws\SuperKoikoukesse.Webservice\gamedb.xml
INFO|SuperKoikoukesse.Webservice.Log|2013-02-25 17:38:28,825|Loading database G:\Dev\GitHub\super-koikoukesse\ws\SuperKoikoukesse.Webservice\gamedb.xml
INFO|SuperKoikoukesse.Webservice.Log|2013-02-25 17:38:29,769|Loading database G:\Dev\GitHub\super-koikoukesse\ws\SuperKoikoukesse.Webservice\gamedb.xml
INFO|SuperKoikoukesse.Webservice.Log|2013-02-25 17:38:32,217|Loading database G:\Dev\GitHub\super-koikoukesse\ws\SuperKoikoukesse.Webservice\gamedb.xml
INFO|SuperKoikoukesse.Webservice.Log|2013-02-25 17:38:32,753|Loading database G:\Dev\GitHub\super-koikoukesse\ws\SuperKoikoukesse.Webservice\gamedb.xml
INFO|SuperKoikoukesse.Webservice.Log|2013-02-25 17:38:33,401|Loading database G:\Dev\GitHub\super-koikoukesse\ws\SuperKoikoukesse.Webservice\gamedb.xml
INFO|SuperKoikoukesse.Webservice.Log|2013-02-25 17:38:33,841|Loading database G:\Dev\GitHub\super-koikoukesse\ws\SuperKoikoukesse.Webservice\gamedb.xml
INFO|SuperKoikoukesse.Webservice.Log|2013-02-25 17:38:34,245|Loading database G:\Dev\GitHub\super-koikoukesse\ws\SuperKoikoukesse.Webservice\gamedb.xml
INFO|SuperKoikoukesse.Webservice.Log|2013-02-25 17:38:34,536|Loading database G:\Dev\GitHub\super-koikoukesse\ws\SuperKoikoukesse.Webservice\gamedb.xml
INFO|SuperKoikoukesse.Webservice.Log|2013-02-25 17:38:34,769|Loading database G:\Dev\GitHub\super-koikoukesse\ws\SuperKoikoukesse.Webservice\gamedb.xml
INFO|SuperKoikoukesse.Webservice.Log|2013-02-25 17:38:35,065|Loading database G:\Dev\GitHub\super-koikoukesse\ws\SuperKoikoukesse.Webservice\gamedb.xml
INFO|SuperKoikoukesse.Webservice.Log|2013-02-25 17:38:35,920|Loading database G:\Dev\GitHub\super-koikoukesse\ws\SuperKoikoukesse.Webservice\gamedb.xml
INFO|SuperKoikoukesse.Webservice.Log|2013-02-25 17:40:24,739|Starting website SuperKoikoukesse.Webservice...
INFO|SuperKoikoukesse.Webservice.Log|2013-02-25 17:40:26,725|Loading database G:\Dev\GitHub\super-koikoukesse\ws\SuperKoikoukesse.Webservice\gamedb.xml
INFO|SuperKoikoukesse.Webservice.Log|2013-02-25 17:41:14,127|Starting website SuperKoikoukesse.Webservice...
INFO|SuperKoikoukesse.Webservice.Log|2013-02-25 17:41:14,223|Loading database G:\Dev\GitHub\super-koikoukesse\ws\SuperKoikoukesse.Webservice\gamedb.xml
INFO|SuperKoikoukesse.Webservice.Log|2013-02-25 17:41:24,071|Creating database G:\Dev\GitHub\super-koikoukesse\ws\SuperKoikoukesse.Webservice\GameDatabase\gamedb.xml
INFO|SuperKoikoukesse.Webservice.Log|2013-02-25 17:41:54,920|Creating database G:\Dev\GitHub\super-koikoukesse\ws\SuperKoikoukesse.Webservice\GameDatabase\gamedb.xml
INFO|SuperKoikoukesse.Webservice.Log|2013-02-25 17:43:00,229|Starting website SuperKoikoukesse.Webservice...
INFO|SuperKoikoukesse.Webservice.Log|2013-02-25 17:43:00,281|Creating database G:\Dev\GitHub\super-koikoukesse\ws\SuperKoikoukesse.Webservice\gamedb.xml
INFO|SuperKoikoukesse.Webservice.Log|2013-02-26 11:16:46,673|Starting website SuperKoikoukesse.Webservice...
INFO|SuperKoikoukesse.Webservice.Log|2013-02-26 11:16:49,061|Creating database G:\Dev\GitHub\super-koikoukesse\ws\SuperKoikoukesse.Webservice\gamedb.xml
INFO|SuperKoikoukesse.Webservice.Log|2013-02-26 11:16:56,762|Loading database G:\Dev\GitHub\super-koikoukesse\ws\SuperKoikoukesse.Webservice\gamedb.xml
INFO|SuperKoikoukesse.Webservice.Log|2013-02-26 11:18:52,556|Starting website SuperKoikoukesse.Webservice...
INFO|SuperKoikoukesse.Webservice.Log|2013-02-26 11:18:52,615|Loading database G:\Dev\GitHub\super-koikoukesse\ws\SuperKoikoukesse.Webservice\gamedb.xml
INFO|SuperKoikoukesse.Webservice.Log|2013-02-26 11:18:56,421|Loading database G:\Dev\GitHub\super-koikoukesse\ws\SuperKoikoukesse.Webservice\gamedb.xml
INFO|SuperKoikoukesse.Webservice.Log|2013-02-26 11:19:04,820|Loading database G:\Dev\GitHub\super-koikoukesse\ws\SuperKoikoukesse.Webservice\gamedb.xml
ERROR|SuperKoikoukesse.Webservice.Log|2013-02-26 11:19:04,828|Exception ! Source : ImportCSV. System.FormatException: Le format de la chaîne d'entrée est incorrect.
   à System.Number.StringToNumber(String str, NumberStyles options, NumberBuffer& number, NumberFormatInfo info, Boolean parseDecimal)
   à System.Number.ParseInt32(String s, NumberStyles style, NumberFormatInfo info)
   à System.Convert.ToInt32(String value)
   à SuperKoikoukesse.Webservice.Controllers.GameDatabaseController.ImportCSV(HttpPostedFileBase file) dans g:\Dev\GitHub\super-koikoukesse\ws\SuperKoikoukesse.Webservice\Controllers\GameDatabaseController.cs:ligne 98
INFO|SuperKoikoukesse.Webservice.Log|2013-02-26 11:19:43,376|Starting website SuperKoikoukesse.Webservice...
INFO|SuperKoikoukesse.Webservice.Log|2013-02-26 11:19:43,430|Loading database G:\Dev\GitHub\super-koikoukesse\ws\SuperKoikoukesse.Webservice\gamedb.xml
ERROR|SuperKoikoukesse.Webservice.Log|2013-02-26 11:19:43,436|Exception ! Source : ImportCSV. System.FormatException: Le format de la chaîne d'entrée est incorrect.
   à System.Number.StringToNumber(String str, NumberStyles options, NumberBuffer& number, NumberFormatInfo info, Boolean parseDecimal)
   à System.Number.ParseInt32(String s, NumberStyles style, NumberFormatInfo info)
   à System.Convert.ToInt32(String value)
   à SuperKoikoukesse.Webservice.Controllers.GameDatabaseController.ImportCSV(HttpPostedFileBase file) dans g:\Dev\GitHub\super-koikoukesse\ws\SuperKoikoukesse.Webservice\Controllers\GameDatabaseController.cs:ligne 98
INFO|SuperKoikoukesse.Webservice.Log|2013-02-26 11:20:23,027|Starting website SuperKoikoukesse.Webservice...
INFO|SuperKoikoukesse.Webservice.Log|2013-02-26 11:20:23,086|Loading database G:\Dev\GitHub\super-koikoukesse\ws\SuperKoikoukesse.Webservice\gamedb.xml
ERROR|SuperKoikoukesse.Webservice.Log|2013-02-26 11:20:23,093|Exception ! Source : ImportCSV. System.FormatException: Le format de la chaîne d'entrée est incorrect.
   à System.Number.StringToNumber(String str, NumberStyles options, NumberBuffer& number, NumberFormatInfo info, Boolean parseDecimal)
   à System.Number.ParseInt32(String s, NumberStyles style, NumberFormatInfo info)
   à System.Convert.ToInt32(String value)
   à SuperKoikoukesse.Webservice.Controllers.GameDatabaseController.ImportCSV(HttpPostedFileBase file) dans g:\Dev\GitHub\super-koikoukesse\ws\SuperKoikoukesse.Webservice\Controllers\GameDatabaseController.cs:ligne 104
INFO|SuperKoikoukesse.Webservice.Log|2013-02-26 11:20:36,240|Loading database G:\Dev\GitHub\super-koikoukesse\ws\SuperKoikoukesse.Webservice\gamedb.xml
ERROR|SuperKoikoukesse.Webservice.Log|2013-02-26 11:21:15,296|Exception ! Source : ImportCSV. System.FormatException: Le format de la chaîne d'entrée est incorrect.
   à System.Number.StringToNumber(String str, NumberStyles options, NumberBuffer& number, NumberFormatInfo info, Boolean parseDecimal)
   à System.Number.ParseInt32(String s, NumberStyles style, NumberFormatInfo info)
   à System.Convert.ToInt32(String value)
   à SuperKoikoukesse.Webservice.Controllers.GameDatabaseController.ImportCSV(HttpPostedFileBase file) dans g:\Dev\GitHub\super-koikoukesse\ws\SuperKoikoukesse.Webservice\Controllers\GameDatabaseController.cs:ligne 104
INFO|SuperKoikoukesse.Webservice.Log|2013-02-26 11:23:09,354|Starting website SuperKoikoukesse.Webservice...
INFO|SuperKoikoukesse.Webservice.Log|2013-02-26 11:23:09,408|Loading database G:\Dev\GitHub\super-koikoukesse\ws\SuperKoikoukesse.Webservice\gamedb.xml
ERROR|SuperKoikoukesse.Webservice.Log|2013-02-26 11:23:09,417|Exception ! Source : ImportCSV. System.FormatException: Le format de la chaîne d'entrée est incorrect.
   à System.Number.StringToNumber(String str, NumberStyles options, NumberBuffer& number, NumberFormatInfo info, Boolean parseDecimal)
   à System.Number.ParseInt32(String s, NumberStyles style, NumberFormatInfo info)
   à System.Convert.ToInt32(String value)
   à SuperKoikoukesse.Webservice.Controllers.GameDatabaseController.ImportCSV(HttpPostedFileBase file) dans g:\Dev\GitHub\super-koikoukesse\ws\SuperKoikoukesse.Webservice\Controllers\GameDatabaseController.cs:ligne 105
INFO|SuperKoikoukesse.Webservice.Log|2013-02-26 11:23:50,202|Loading database G:\Dev\GitHub\super-koikoukesse\ws\SuperKoikoukesse.Webservice\gamedb.xml
INFO|SuperKoikoukesse.Webservice.Log|2013-02-26 11:23:52,767|Loading database G:\Dev\GitHub\super-koikoukesse\ws\SuperKoikoukesse.Webservice\gamedb.xml
ERROR|SuperKoikoukesse.Webservice.Log|2013-02-26 11:23:52,772|Exception ! Source : ImportCSV. System.FormatException: Le format de la chaîne d'entrée est incorrect.
   à System.Number.StringToNumber(String str, NumberStyles options, NumberBuffer& number, NumberFormatInfo info, Boolean parseDecimal)
   à System.Number.ParseInt32(String s, NumberStyles style, NumberFormatInfo info)
   à System.Convert.ToInt32(String value)
   à SuperKoikoukesse.Webservice.Controllers.GameDatabaseController.ImportCSV(HttpPostedFileBase file) dans g:\Dev\GitHub\super-koikoukesse\ws\SuperKoikoukesse.Webservice\Controllers\GameDatabaseController.cs:ligne 98
INFO|SuperKoikoukesse.Webservice.Log|2013-02-26 11:23:56,582|Loading database G:\Dev\GitHub\super-koikoukesse\ws\SuperKoikoukesse.Webservice\gamedb.xml
ERROR|SuperKoikoukesse.Webservice.Log|2013-02-26 11:23:56,585|Exception ! Source : ImportCSV. System.FormatException: Le format de la chaîne d'entrée est incorrect.
   à System.Number.StringToNumber(String str, NumberStyles options, NumberBuffer& number, NumberFormatInfo info, Boolean parseDecimal)
   à System.Number.ParseInt32(String s, NumberStyles style, NumberFormatInfo info)
   à System.Convert.ToInt32(String value)
   à SuperKoikoukesse.Webservice.Controllers.GameDatabaseController.ImportCSV(HttpPostedFileBase file) dans g:\Dev\GitHub\super-koikoukesse\ws\SuperKoikoukesse.Webservice\Controllers\GameDatabaseController.cs:ligne 98
INFO|SuperKoikoukesse.Webservice.Log|2013-02-26 11:24:22,596|Starting website SuperKoikoukesse.Webservice...
INFO|SuperKoikoukesse.Webservice.Log|2013-02-26 11:24:24,840|Loading database G:\Dev\GitHub\super-koikoukesse\ws\SuperKoikoukesse.Webservice\gamedb.xml
ERROR|SuperKoikoukesse.Webservice.Log|2013-02-26 11:24:31,802|Exception ! Source : ImportCSV. System.FormatException: Le format de la chaîne d'entrée est incorrect.
   à System.Number.StringToNumber(String str, NumberStyles options, NumberBuffer& number, NumberFormatInfo info, Boolean parseDecimal)
   à System.Number.ParseInt32(String s, NumberStyles style, NumberFormatInfo info)
   à System.Convert.ToInt32(String value)
   à SuperKoikoukesse.Webservice.Controllers.GameDatabaseController.ImportCSV(HttpPostedFileBase file) dans g:\Dev\GitHub\super-koikoukesse\ws\SuperKoikoukesse.Webservice\Controllers\GameDatabaseController.cs:ligne 98
INFO|SuperKoikoukesse.Webservice.Log|2013-02-26 11:24:48,693|Starting website SuperKoikoukesse.Webservice...
INFO|SuperKoikoukesse.Webservice.Log|2013-02-26 11:24:48,748|Loading database G:\Dev\GitHub\super-koikoukesse\ws\SuperKoikoukesse.Webservice\gamedb.xml
INFO|SuperKoikoukesse.Webservice.Log|2013-02-26 11:24:51,300|Loading database G:\Dev\GitHub\super-koikoukesse\ws\SuperKoikoukesse.Webservice\gamedb.xml
INFO|SuperKoikoukesse.Webservice.Log|2013-02-26 11:25:11,762|Starting website SuperKoikoukesse.Webservice...
INFO|SuperKoikoukesse.Webservice.Log|2013-02-26 11:25:11,819|Loading database G:\Dev\GitHub\super-koikoukesse\ws\SuperKoikoukesse.Webservice\gamedb.xml
INFO|SuperKoikoukesse.Webservice.Log|2013-02-26 11:25:15,829|Loading database G:\Dev\GitHub\super-koikoukesse\ws\SuperKoikoukesse.Webservice\gamedb.xml
INFO|SuperKoikoukesse.Webservice.Log|2013-02-26 11:25:17,002|Loading database G:\Dev\GitHub\super-koikoukesse\ws\SuperKoikoukesse.Webservice\gamedb.xml
INFO|SuperKoikoukesse.Webservice.Log|2013-02-26 11:27:08,536|Starting website SuperKoikoukesse.Webservice...
INFO|SuperKoikoukesse.Webservice.Log|2013-02-26 11:27:10,669|Loading database G:\Dev\GitHub\super-koikoukesse\ws\SuperKoikoukesse.Webservice\gamedb.xml
INFO|SuperKoikoukesse.Webservice.Log|2013-02-26 11:27:22,156|Loading database G:\Dev\GitHub\super-koikoukesse\ws\SuperKoikoukesse.Webservice\gamedb.xml
INFO|SuperKoikoukesse.Webservice.Log|2013-02-26 11:27:44,844|Loading database G:\Dev\GitHub\super-koikoukesse\ws\SuperKoikoukesse.Webservice\gamedb.xml
INFO|SuperKoikoukesse.Webservice.Log|2013-02-26 11:27:45,949|Loading database G:\Dev\GitHub\super-koikoukesse\ws\SuperKoikoukesse.Webservice\gamedb.xml
INFO|SuperKoikoukesse.Webservice.Log|2013-02-26 11:27:46,420|Loading database G:\Dev\GitHub\super-koikoukesse\ws\SuperKoikoukesse.Webservice\gamedb.xml
INFO|SuperKoikoukesse.Webservice.Log|2013-02-26 11:27:46,845|Loading database G:\Dev\GitHub\super-koikoukesse\ws\SuperKoikoukesse.Webservice\gamedb.xml
INFO|SuperKoikoukesse.Webservice.Log|2013-02-26 11:27:47,037|Loading database G:\Dev\GitHub\super-koikoukesse\ws\SuperKoikoukesse.Webservice\gamedb.xml
INFO|SuperKoikoukesse.Webservice.Log|2013-02-26 11:27:47,198|Loading database G:\Dev\GitHub\super-koikoukesse\ws\SuperKoikoukesse.Webservice\gamedb.xml
INFO|SuperKoikoukesse.Webservice.Log|2013-02-26 11:27:47,902|Loading database G:\Dev\GitHub\super-koikoukesse\ws\SuperKoikoukesse.Webservice\gamedb.xml
INFO|SuperKoikoukesse.Webservice.Log|2013-02-26 11:27:48,398|Loading database G:\Dev\GitHub\super-koikoukesse\ws\SuperKoikoukesse.Webservice\gamedb.xml
INFO|SuperKoikoukesse.Webservice.Log|2013-02-26 11:27:48,668|Loading database G:\Dev\GitHub\super-koikoukesse\ws\SuperKoikoukesse.Webservice\gamedb.xml
INFO|SuperKoikoukesse.Webservice.Log|2013-02-26 11:27:48,836|Loading database G:\Dev\GitHub\super-koikoukesse\ws\SuperKoikoukesse.Webservice\gamedb.xml
INFO|SuperKoikoukesse.Webservice.Log|2013-02-26 11:27:48,996|Loading database G:\Dev\GitHub\super-koikoukesse\ws\SuperKoikoukesse.Webservice\gamedb.xml
INFO|SuperKoikoukesse.Webservice.Log|2013-02-26 11:27:49,308|Loading database G:\Dev\GitHub\super-koikoukesse\ws\SuperKoikoukesse.Webservice\gamedb.xml
INFO|SuperKoikoukesse.Webservice.Log|2013-02-26 11:27:49,884|Loading database G:\Dev\GitHub\super-koikoukesse\ws\SuperKoikoukesse.Webservice\gamedb.xml
INFO|SuperKoikoukesse.Webservice.Log|2013-02-26 11:27:50,581|Loading database G:\Dev\GitHub\super-koikoukesse\ws\SuperKoikoukesse.Webservice\gamedb.xml
INFO|SuperKoikoukesse.Webservice.Log|2013-02-26 13:08:40,171|Starting website SuperKoikoukesse.Webservice...
INFO|SuperKoikoukesse.Webservice.Log|2013-02-26 13:09:31,128|Starting website SuperKoikoukesse.Webservice...
INFO|SuperKoikoukesse.Webservice.Log|2013-02-26 13:11:30,054|Starting website SuperKoikoukesse.Webservice...
INFO|SuperKoikoukesse.Webservice.Log|2013-02-26 13:11:33,569|Loading database G:\Dev\GitHub\super-koikoukesse\ws\SuperKoikoukesse.Webservice\gamedb.xml
INFO|SuperKoikoukesse.Webservice.Log|2013-02-26 13:11:35,440|Loading database G:\Dev\GitHub\super-koikoukesse\ws\SuperKoikoukesse.Webservice\gamedb.xml
INFO|SuperKoikoukesse.Webservice.Log|2013-02-26 13:11:37,111|Loading database G:\Dev\GitHub\super-koikoukesse\ws\SuperKoikoukesse.Webservice\gamedb.xml
INFO|SuperKoikoukesse.Webservice.Log|2013-02-26 13:11:37,551|Loading database G:\Dev\GitHub\super-koikoukesse\ws\SuperKoikoukesse.Webservice\gamedb.xml
INFO|SuperKoikoukesse.Webservice.Log|2013-02-26 13:11:38,016|Loading database G:\Dev\GitHub\super-koikoukesse\ws\SuperKoikoukesse.Webservice\gamedb.xml
INFO|SuperKoikoukesse.Webservice.Log|2013-02-26 13:12:10,364|Starting website SuperKoikoukesse.Webservice...
INFO|SuperKoikoukesse.Webservice.Log|2013-02-26 13:12:14,394|Loading database G:\Dev\GitHub\super-koikoukesse\ws\SuperKoikoukesse.Webservice\gamedb.xml
INFO|SuperKoikoukesse.Webservice.Log|2013-02-26 13:12:16,487|Loading database G:\Dev\GitHub\super-koikoukesse\ws\SuperKoikoukesse.Webservice\gamedb.xml
INFO|SuperKoikoukesse.Webservice.Log|2013-02-26 13:12:16,982|Loading database G:\Dev\GitHub\super-koikoukesse\ws\SuperKoikoukesse.Webservice\gamedb.xml
INFO|SuperKoikoukesse.Webservice.Log|2013-02-26 13:12:17,253|Loading database G:\Dev\GitHub\super-koikoukesse\ws\SuperKoikoukesse.Webservice\gamedb.xml
INFO|SuperKoikoukesse.Webservice.Log|2013-02-26 13:12:17,398|Loading database G:\Dev\GitHub\super-koikoukesse\ws\SuperKoikoukesse.Webservice\gamedb.xml
INFO|SuperKoikoukesse.Webservice.Log|2013-02-26 13:12:17,517|Loading database G:\Dev\GitHub\super-koikoukesse\ws\SuperKoikoukesse.Webservice\gamedb.xml
INFO|SuperKoikoukesse.Webservice.Log|2013-02-26 13:12:18,405|Loading database G:\Dev\GitHub\super-koikoukesse\ws\SuperKoikoukesse.Webservice\gamedb.xml
INFO|SuperKoikoukesse.Webservice.Log|2013-02-26 13:12:19,990|Loading database G:\Dev\GitHub\super-koikoukesse\ws\SuperKoikoukesse.Webservice\gamedb.xml
INFO|SuperKoikoukesse.Webservice.Log|2013-02-26 13:12:21,862|Loading database G:\Dev\GitHub\super-koikoukesse\ws\SuperKoikoukesse.Webservice\gamedb.xml
INFO|SuperKoikoukesse.Webservice.Log|2013-02-26 13:12:22,604|Loading database G:\Dev\GitHub\super-koikoukesse\ws\SuperKoikoukesse.Webservice\gamedb.xml
INFO|SuperKoikoukesse.Webservice.Log|2013-02-26 13:12:34,386|Loading database G:\Dev\GitHub\super-koikoukesse\ws\SuperKoikoukesse.Webservice\gamedb.xml
INFO|SuperKoikoukesse.Webservice.Log|2013-02-26 13:12:36,157|Loading database G:\Dev\GitHub\super-koikoukesse\ws\SuperKoikoukesse.Webservice\gamedb.xml
INFO|SuperKoikoukesse.Webservice.Log|2013-02-26 13:13:00,377|Starting website SuperKoikoukesse.Webservice...
INFO|SuperKoikoukesse.Webservice.Log|2013-02-26 13:14:27,571|Starting website SuperKoikoukesse.Webservice...
INFO|SuperKoikoukesse.Webservice.Log|2013-02-26 13:15:05,915|Starting website SuperKoikoukesse.Webservice...
INFO|SuperKoikoukesse.Webservice.Log|2013-02-26 13:15:24,862|Starting website SuperKoikoukesse.Webservice...
INFO|SuperKoikoukesse.Webservice.Log|2013-02-26 17:28:08,726|Starting website SuperKoikoukesse.Webservice...
INFO|SuperKoikoukesse.Webservice.Log|2013-02-26 17:29:49,656|Starting website SuperKoikoukesse.Webservice...
INFO|SuperKoikoukesse.Webservice.Log|2013-02-26 17:30:36,128|Loading database G:\Dev\GitHub\super-koikoukesse\ws\SuperKoikoukesse.Webservice\gamedb.xml
INFO|SuperKoikoukesse.Webservice.Log|2013-02-26 17:34:32,951|Starting website SuperKoikoukesse.Webservice...
INFO|SuperKoikoukesse.Webservice.Log|2013-02-26 17:35:08,810|Starting website SuperKoikoukesse.Webservice...
INFO|SuperKoikoukesse.Webservice.Log|2013-02-26 17:35:25,482|Starting website SuperKoikoukesse.Webservice...
INFO|SuperKoikoukesse.Webservice.Log|2013-02-26 17:35:27,036|Loading database G:\Dev\GitHub\super-koikoukesse\ws\SuperKoikoukesse.Webservice\gamedb.xml
INFO|SuperKoikoukesse.Webservice.Log|2013-02-26 17:35:47,242|Creating database G:\Dev\GitHub\super-koikoukesse\ws\SuperKoikoukesse.Webservice\gamedb.xml
INFO|SuperKoikoukesse.Webservice.Log|2013-02-26 17:35:48,048|Creating database G:\Dev\GitHub\super-koikoukesse\ws\SuperKoikoukesse.Webservice\gamedb.xml
INFO|SuperKoikoukesse.Webservice.Log|2013-02-26 17:36:07,544|Creating database G:\Dev\GitHub\super-koikoukesse\ws\SuperKoikoukesse.Webservice\gamedb.xml
INFO|SuperKoikoukesse.Webservice.Log|2013-02-26 17:36:43,080|Creating database G:\Dev\GitHub\super-koikoukesse\ws\SuperKoikoukesse.Webservice\gamedb.xml
INFO|SuperKoikoukesse.Webservice.Log|2013-02-26 17:37:05,695|Starting website SuperKoikoukesse.Webservice...
INFO|SuperKoikoukesse.Webservice.Log|2013-02-26 17:37:15,237|Creating database G:\Dev\GitHub\super-koikoukesse\ws\SuperKoikoukesse.Webservice\gamedb.xml
INFO|SuperKoikoukesse.Webservice.Log|2013-02-26 17:37:25,632|Loading database G:\Dev\GitHub\super-koikoukesse\ws\SuperKoikoukesse.Webservice\gamedb.xml
INFO|SuperKoikoukesse.Webservice.Log|2013-02-26 17:37:27,080|Loading database G:\Dev\GitHub\super-koikoukesse\ws\SuperKoikoukesse.Webservice\gamedb.xml
INFO|SuperKoikoukesse.Webservice.Log|2013-02-26 17:37:27,564|Loading database G:\Dev\GitHub\super-koikoukesse\ws\SuperKoikoukesse.Webservice\gamedb.xml
INFO|SuperKoikoukesse.Webservice.Log|2013-02-26 17:37:28,109|Loading database G:\Dev\GitHub\super-koikoukesse\ws\SuperKoikoukesse.Webservice\gamedb.xml
INFO|SuperKoikoukesse.Webservice.Log|2013-02-26 17:37:28,596|Loading database G:\Dev\GitHub\super-koikoukesse\ws\SuperKoikoukesse.Webservice\gamedb.xml
INFO|SuperKoikoukesse.Webservice.Log|2013-02-26 17:37:30,348|Loading database G:\Dev\GitHub\super-koikoukesse\ws\SuperKoikoukesse.Webservice\gamedb.xml
INFO|SuperKoikoukesse.Webservice.Log|2013-02-26 17:40:31,558|Loading database G:\Dev\GitHub\super-koikoukesse\ws\SuperKoikoukesse.Webservice\gamedb.xml
INFO|SuperKoikoukesse.Webservice.Log|2013-02-26 17:40:40,642|Loading database G:\Dev\GitHub\super-koikoukesse\ws\SuperKoikoukesse.Webservice\gamedb.xml
INFO|SuperKoikoukesse.Webservice.Log|2013-02-26 17:40:42,003|Loading database G:\Dev\GitHub\super-koikoukesse\ws\SuperKoikoukesse.Webservice\gamedb.xml
INFO|SuperKoikoukesse.Webservice.Log|2013-02-26 17:42:00,563|Starting website SuperKoikoukesse.Webservice...
INFO|SuperKoikoukesse.Webservice.Log|2013-02-26 17:42:00,636|Loading database G:\Dev\GitHub\super-koikoukesse\ws\SuperKoikoukesse.Webservice\gamedb.xml
INFO|SuperKoikoukesse.Webservice.Log|2013-02-26 17:43:11,525|Loading database G:\Dev\GitHub\super-koikoukesse\ws\SuperKoikoukesse.Webservice\gamedb.xml
INFO|SuperKoikoukesse.Webservice.Log|2013-02-26 17:43:18,071|Loading database G:\Dev\GitHub\super-koikoukesse\ws\SuperKoikoukesse.Webservice\gamedb.xml
INFO|SuperKoikoukesse.Webservice.Log|2013-02-26 17:44:12,765|Starting website SuperKoikoukesse.Webservice...
INFO|SuperKoikoukesse.Webservice.Log|2013-02-26 17:44:12,839|Loading database G:\Dev\GitHub\super-koikoukesse\ws\SuperKoikoukesse.Webservice\gamedb.xml
INFO|SuperKoikoukesse.Webservice.Log|2013-02-26 17:44:14,603|Loading database G:\Dev\GitHub\super-koikoukesse\ws\SuperKoikoukesse.Webservice\gamedb.xml
